Using pre-set license
Built from '2020.3/release' branch; Version is '2020.3.15f2 (6cf78cb77498) revision 7141260'; Using compiler version '192528614'; Build Type 'Release'
OS: 'Windows 10 Home; OS build 19042.1288; Version 2009; 64bit' Language: 'en' Physical Memory: 16336 MB
BatchMode: 1, IsHumanControllingUs: 0, StartBugReporterOnCrash: 0, Is64bit: 1, IsPro: 0

 COMMAND LINE ARGUMENTS:
C:\Program Files\Unity\Hub\Editor\2020.3.15f2\Editor\Unity.exe
-adb2
-batchMode
-noUpm
-name
AssetImportWorker0
-projectPath
D:/Developers/Files/Animation
-logFile
Logs/AssetImportWorker0.log
-srvPort
54532
Successfully changed project path to: D:/Developers/Files/Animation
D:/Developers/Files/Animation
Using Asset Import Pipeline V2.
Refreshing native plugins compatible for Editor in 45.93 ms, found 3 plugins.
Preloading 0 native plugins for Editor in 0.00 ms.
Initialize engine version: 2020.3.15f2 (6cf78cb77498)
[Subsystems] Discovering subsystems at path C:/Program Files/Unity/Hub/Editor/2020.3.15f2/Editor/Data/Resources/UnitySubsystems
[Subsystems] Discovering subsystems at path D:/Developers/Files/Animation/Assets
GfxDevice: creating device client; threaded=0
Direct3D:
    Version:  Direct3D 11.0 [level 11.1]
    Renderer: NVIDIA GeForce GTX 1060 (ID=0x1c60)
    Vendor:   
    VRAM:     6052 MB
    Driver:   27.21.14.5167
Initialize mono
Mono path[0] = 'C:/Program Files/Unity/Hub/Editor/2020.3.15f2/Editor/Data/Managed'
Mono path[1] = 'C:/Program Files/Unity/Hub/Editor/2020.3.15f2/Editor/Data/MonoBleedingEdge/lib/mono/unityjit'
Mono config path = 'C:/Program Files/Unity/Hub/Editor/2020.3.15f2/Editor/Data/MonoBleedingEdge/etc'
Using monoOptions --debugger-agent=transport=dt_socket,embedding=1,server=y,suspend=n,address=127.0.0.1:56240
Begin MonoManager ReloadAssembly
Registering precompiled unity dll's ...
Register platform support module: C:/Program Files/Unity/Hub/Editor/2020.3.15f2/Editor/Data/PlaybackEngines/WindowsStandaloneSupport/UnityEditor.WindowsStandalone.Extensions.dll
Registered in 0.002354 seconds.
Native extension for WindowsStandalone target not found
Refreshing native plugins compatible for Editor in 47.67 ms, found 3 plugins.
Preloading 0 native plugins for Editor in 0.00 ms.
Mono: successfully reloaded assembly
- Completed reload, in  1.320 seconds
Domain Reload Profiling:
	ReloadAssembly (1320ms)
		BeginReloadAssembly (68ms)
			ExecutionOrderSort (0ms)
			DisableScriptedObjects (0ms)
			BackupInstance (0ms)
			ReleaseScriptingObjects (0ms)
			CreateAndSetChildDomain (1ms)
		EndReloadAssembly (518ms)
			LoadAssemblies (66ms)
			RebuildTransferFunctionScriptingTraits (0ms)
			SetupTypeCache (193ms)
			ReleaseScriptCaches (0ms)
			RebuildScriptCaches (41ms)
			SetupLoadedEditorAssemblies (201ms)
				LogAssemblyErrors (0ms)
				InitializePlatformSupportModulesInManaged (4ms)
				SetLoadedEditorAssemblies (0ms)
				RefreshPlugins (48ms)
				BeforeProcessingInitializeOnLoad (16ms)
				ProcessInitializeOnLoadAttributes (99ms)
				ProcessInitializeOnLoadMethodAttributes (34ms)
				AfterProcessingInitializeOnLoad (0ms)
				EditorAssembliesLoaded (0ms)
			ExecutionOrderSort2 (0ms)
			AwakeInstancesAfterBackupRestoration (0ms)
Platform modules already initialized, skipping
Registering precompiled user dll's ...
Registered in 0.004452 seconds.
Begin MonoManager ReloadAssembly
Native extension for WindowsStandalone target not found
Refreshing native plugins compatible for Editor in 0.45 ms, found 3 plugins.
Preloading 0 native plugins for Editor in 0.00 ms.
Mono: successfully reloaded assembly
- Completed reload, in  1.420 seconds
Domain Reload Profiling:
	ReloadAssembly (1421ms)
		BeginReloadAssembly (178ms)
			ExecutionOrderSort (0ms)
			DisableScriptedObjects (4ms)
			BackupInstance (0ms)
			ReleaseScriptingObjects (0ms)
			CreateAndSetChildDomain (21ms)
		EndReloadAssembly (1167ms)
			LoadAssemblies (109ms)
			RebuildTransferFunctionScriptingTraits (0ms)
			SetupTypeCache (348ms)
			ReleaseScriptCaches (0ms)
			RebuildScriptCaches (66ms)
			SetupLoadedEditorAssemblies (523ms)
				LogAssemblyErrors (0ms)
				InitializePlatformSupportModulesInManaged (6ms)
				SetLoadedEditorAssemblies (1ms)
				RefreshPlugins (1ms)
				BeforeProcessingInitializeOnLoad (112ms)
				ProcessInitializeOnLoadAttributes (392ms)
				ProcessInitializeOnLoadMethodAttributes (5ms)
				AfterProcessingInitializeOnLoad (7ms)
				EditorAssembliesLoaded (0ms)
			ExecutionOrderSort2 (0ms)
			AwakeInstancesAfterBackupRestoration (8ms)
Platform modules already initialized, skipping
========================================================================
Worker process is ready to serve import requests
Launched and connected shader compiler UnityShaderCompiler.exe after 0.08 seconds
Refreshing native plugins compatible for Editor in 0.44 ms, found 3 plugins.
Preloading 0 native plugins for Editor in 0.00 ms.
Unloading 1794 Unused Serialized files (Serialized files now loaded: 0)
System memory in use before: 83.7 MB.
System memory in use after: 83.8 MB.

Unloading 23 unused Assets to reduce memory usage. Loaded Objects now: 2225.
Total: 3.389400 ms (FindLiveObjects: 0.303100 ms CreateObjectMapping: 0.098300 ms MarkObjects: 2.819200 ms  DeleteObjects: 0.147700 ms)

AssetImportParameters requested are different than current active one (requested -> active):
  custom:framework-win-MediaFoundation: 216162199b28c13a410421893ffa2e32 -> 
  custom:video-decoder-ogg-theora: a1e56fd34408186e4bbccfd4996cb3dc -> 
  custom:container-muxer-webm: aa71ff27fc2769a1b78a27578f13a17b -> 
  custom:container-demuxer-webm: 4f35f7cbe854078d1ac9338744f61a02 -> 
  custom:container-demuxer-ogg: 62fdf1f143b41e24485cea50d1cbac27 -> 
  custom:video-encoder-webm-vp8: eb34c28f22e8b96e1ab97ce403110664 -> 
  custom:video-codec-MediaFoundation-h265: 746d11721c4dcdbdad8f713fa42b33f4 -> 
  custom:video-decoder-webm-vp8: 9c59270c3fd7afecdb556c50c9e8de78 -> 
  custom:audio-decoder-ogg-vorbis: bf7c407c2cedff20999df2af8eb42d56 -> 
  custom:audio-encoder-webm-vorbis: bf7c407c2cedff20999df2af8eb42d56 -> 
========================================================================
Received Import Request.
  path: Assets/Animations/Walk/StrafeWalkLeft.anim
  artifactKey: Guid(85f07b497560a8b4fa7c11d59fa4d173) Importer(815301076,1909f56bfc062723c751e8b465ee728b)
Start importing Assets/Animations/Walk/StrafeWalkLeft.anim using Guid(85f07b497560a8b4fa7c11d59fa4d173) Importer(815301076,1909f56bfc062723c751e8b465ee728b)  -> (artifact id: '055fef0b339de957f342758e47cd8060') in 0.050023 seconds 
  Import took 0.053512 seconds .

========================================================================
Received Import Request.
  Time since last request: 4.523218 seconds.
  path: Assets/Animations/Walk/SideStepWalkLeft.anim
  artifactKey: Guid(85f07b497560a8b4fa7c11d59fa4d173) Importer(815301076,1909f56bfc062723c751e8b465ee728b)
Start importing Assets/Animations/Walk/SideStepWalkLeft.anim using Guid(85f07b497560a8b4fa7c11d59fa4d173) Importer(815301076,1909f56bfc062723c751e8b465ee728b)  -> (artifact id: '3f4c8c5c842c25b22e827f328926b66f') in 0.018096 seconds 
  Import took 0.021683 seconds .

========================================================================
Received Import Request.
  Time since last request: 1.878771 seconds.
  path: Assets/Animations/Walk/StrafeWalkRight.anim
  artifactKey: Guid(e56af4d3c3f8f9743bfbc27e497e4ec8) Importer(815301076,1909f56bfc062723c751e8b465ee728b)
Start importing Assets/Animations/Walk/StrafeWalkRight.anim using Guid(e56af4d3c3f8f9743bfbc27e497e4ec8) Importer(815301076,1909f56bfc062723c751e8b465ee728b)  -> (artifact id: '43151dc832163abb16ee6c4d40d3d8be') in 0.020135 seconds 
  Import took 0.023647 seconds .

========================================================================
Received Import Request.
  Time since last request: 8.661512 seconds.
  path: Assets/Animations/Walk/SideStepWalkRight.anim
  artifactKey: Guid(e56af4d3c3f8f9743bfbc27e497e4ec8) Importer(815301076,1909f56bfc062723c751e8b465ee728b)
Start importing Assets/Animations/Walk/SideStepWalkRight.anim using Guid(e56af4d3c3f8f9743bfbc27e497e4ec8) Importer(815301076,1909f56bfc062723c751e8b465ee728b)  -> (artifact id: 'df0aec7fb3b34053cb5c918fdf8af9d9') in 0.017532 seconds 
  Import took 0.020446 seconds .

========================================================================
Received Import Request.
  Time since last request: 3.723571 seconds.
  path: Assets/Animations/Run/StrafeJogLeft.anim
  artifactKey: Guid(a8ab573341cce8040a23fae3668eb549) Importer(815301076,1909f56bfc062723c751e8b465ee728b)
Start importing Assets/Animations/Run/StrafeJogLeft.anim using Guid(a8ab573341cce8040a23fae3668eb549) Importer(815301076,1909f56bfc062723c751e8b465ee728b)  -> (artifact id: '3c671b820c9d54561142aa79d3e3ca04') in 0.016560 seconds 
  Import took 0.020606 seconds .

========================================================================
Received Import Request.
  Time since last request: 0.002069 seconds.
  path: Assets/Animations/Run/StrafeJogLeft.anim
  artifactKey: Guid(a8ab573341cce8040a23fae3668eb549) Importer(815301076,1909f56bfc062723c751e8b465ee728b)
Start importing Assets/Animations/Run/StrafeJogLeft.anim using Guid(a8ab573341cce8040a23fae3668eb549) Importer(815301076,1909f56bfc062723c751e8b465ee728b)  -> (artifact id: '3c671b820c9d54561142aa79d3e3ca04') in 0.013010 seconds 
  Import took 0.016081 seconds .

========================================================================
Received Import Request.
  Time since last request: 8.846617 seconds.
  path: Assets/Animations/Run/SideStepJogLeft.anim
  artifactKey: Guid(a8ab573341cce8040a23fae3668eb549) Importer(815301076,1909f56bfc062723c751e8b465ee728b)
Start importing Assets/Animations/Run/SideStepJogLeft.anim using Guid(a8ab573341cce8040a23fae3668eb549) Importer(815301076,1909f56bfc062723c751e8b465ee728b)  -> (artifact id: '36e9da9c6f691d19007e76998399a348') in 0.016392 seconds 
  Import took 0.049325 seconds .

========================================================================
Received Import Request.
  Time since last request: 1.315928 seconds.
  path: Assets/Animations/Run/StrafeJogRight.anim
  artifactKey: Guid(0f3df547c5033be4a9c3b031cdb38d5c) Importer(815301076,1909f56bfc062723c751e8b465ee728b)
Start importing Assets/Animations/Run/StrafeJogRight.anim using Guid(0f3df547c5033be4a9c3b031cdb38d5c) Importer(815301076,1909f56bfc062723c751e8b465ee728b)  -> (artifact id: '4a2f08ac539b3a735f2ae58c5221e748') in 0.017340 seconds 
  Import took 0.020347 seconds .

========================================================================
Received Import Request.
  Time since last request: 0.000382 seconds.
  path: Assets/Animations/Run/StrafeJogRight.anim
  artifactKey: Guid(0f3df547c5033be4a9c3b031cdb38d5c) Importer(815301076,1909f56bfc062723c751e8b465ee728b)
Start importing Assets/Animations/Run/StrafeJogRight.anim using Guid(0f3df547c5033be4a9c3b031cdb38d5c) Importer(815301076,1909f56bfc062723c751e8b465ee728b)  -> (artifact id: '4a2f08ac539b3a735f2ae58c5221e748') in 0.014782 seconds 
  Import took 0.018187 seconds .

========================================================================
Received Import Request.
  Time since last request: 8.977990 seconds.
  path: Assets/Animations/Run/SideStepJogRight.anim
  artifactKey: Guid(0f3df547c5033be4a9c3b031cdb38d5c) Importer(815301076,1909f56bfc062723c751e8b465ee728b)
Start importing Assets/Animations/Run/SideStepJogRight.anim using Guid(0f3df547c5033be4a9c3b031cdb38d5c) Importer(815301076,1909f56bfc062723c751e8b465ee728b)  -> (artifact id: '669c4a41e57721b1f84d14e3fe2f21a6') in 0.017182 seconds 
  Import took 0.021695 seconds .

========================================================================
Received Import Request.
  Time since last request: 27.451637 seconds.
  path: Assets/Animations/Walk/Ch39_nonPBR@Left Strafe Walk.fbx
  artifactKey: Guid(7e96cb0f6c77327449bb099d6a71a7da) Importer(815301076,1909f56bfc062723c751e8b465ee728b)
Start importing Assets/Animations/Walk/Ch39_nonPBR@Left Strafe Walk.fbx using Guid(7e96cb0f6c77327449bb099d6a71a7da) Importer(815301076,1909f56bfc062723c751e8b465ee728b)  -> (artifact id: '1773e47370ae24de085074f22a40bac9') in 0.034624 seconds 
  Import took 0.039255 seconds .

========================================================================
Received Import Request.
  Time since last request: 8.906811 seconds.
  path: Assets/Animations/Walk/Ch39_nonPBR@Left Strafe Walk.fbx
  artifactKey: Guid(7e96cb0f6c77327449bb099d6a71a7da) Importer(815301076,1909f56bfc062723c751e8b465ee728b)
Start importing Assets/Animations/Walk/Ch39_nonPBR@Left Strafe Walk.fbx using Guid(7e96cb0f6c77327449bb099d6a71a7da) Importer(815301076,1909f56bfc062723c751e8b465ee728b)  -> (artifact id: '8961232da0a447a24de26f9ece88b14f') in 0.008835 seconds 
  Import took 0.013129 seconds .

========================================================================
Received Import Request.
  Time since last request: 11.060429 seconds.
  path: Assets/Animations/Walk/Left Strafe Walk.anim
  artifactKey: Guid(d6aa39443a4ccde4494432685028ae3f) Importer(815301076,1909f56bfc062723c751e8b465ee728b)
Start importing Assets/Animations/Walk/Left Strafe Walk.anim using Guid(d6aa39443a4ccde4494432685028ae3f) Importer(815301076,1909f56bfc062723c751e8b465ee728b)  -> (artifact id: 'c031c334486febedad94b74a1c0db72c') in 0.017770 seconds 
  Import took 0.022138 seconds .

========================================================================
Received Import Request.
  Time since last request: 25.826982 seconds.
  path: Assets/Animations/Walk/StrafeWalkLeft.anim
  artifactKey: Guid(d6aa39443a4ccde4494432685028ae3f) Importer(815301076,1909f56bfc062723c751e8b465ee728b)
Start importing Assets/Animations/Walk/StrafeWalkLeft.anim using Guid(d6aa39443a4ccde4494432685028ae3f) Importer(815301076,1909f56bfc062723c751e8b465ee728b)  -> (artifact id: '053224aea3065a90c834e820c1355cff') in 0.017698 seconds 
  Import took 0.022249 seconds .

========================================================================
Received Import Request.
  Time since last request: 255.453130 seconds.
  path: Assets/Animations/Ch39_nonPBR@Right Strafe Walking.fbx
  artifactKey: Guid(b2a15e06b16d9e644b22358ce52189a2) Importer(815301076,1909f56bfc062723c751e8b465ee728b)
Start importing Assets/Animations/Ch39_nonPBR@Right Strafe Walking.fbx using Guid(b2a15e06b16d9e644b22358ce52189a2) Importer(815301076,1909f56bfc062723c751e8b465ee728b)  -> (artifact id: 'beed1f294dc8f1f98afeff75dea4d467') in 0.016634 seconds 
  Import took 0.020441 seconds .

========================================================================
Received Import Request.
  Time since last request: 0.000819 seconds.
  path: Assets/Animations/Ch39_nonPBR@Right Strafe Walking.fbx
  artifactKey: Guid(b2a15e06b16d9e644b22358ce52189a2) Importer(815301076,1909f56bfc062723c751e8b465ee728b)
Start importing Assets/Animations/Ch39_nonPBR@Right Strafe Walking.fbx using Guid(b2a15e06b16d9e644b22358ce52189a2) Importer(815301076,1909f56bfc062723c751e8b465ee728b)  -> (artifact id: 'beed1f294dc8f1f98afeff75dea4d467') in 0.008686 seconds 
  Import took 0.013192 seconds .

========================================================================
Received Import Request.
  Time since last request: 5.222207 seconds.
  path: Assets/Animations/Ch39_nonPBR@Right Strafe Walking.fbx
  artifactKey: Guid(b2a15e06b16d9e644b22358ce52189a2) Importer(815301076,1909f56bfc062723c751e8b465ee728b)
Start importing Assets/Animations/Ch39_nonPBR@Right Strafe Walking.fbx using Guid(b2a15e06b16d9e644b22358ce52189a2) Importer(815301076,1909f56bfc062723c751e8b465ee728b)  -> (artifact id: '06fe5e634ddde031f736b1857acf8762') in 0.011022 seconds 
  Import took 0.014722 seconds .

========================================================================
Received Import Request.
  Time since last request: 0.004956 seconds.
  path: Assets/Animations/Ch39_nonPBR@Right Strafe Walking.fbx
  artifactKey: Guid(b2a15e06b16d9e644b22358ce52189a2) Importer(815301076,1909f56bfc062723c751e8b465ee728b)
Start importing Assets/Animations/Ch39_nonPBR@Right Strafe Walking.fbx using Guid(b2a15e06b16d9e644b22358ce52189a2) Importer(815301076,1909f56bfc062723c751e8b465ee728b)  -> (artifact id: '06fe5e634ddde031f736b1857acf8762') in 0.009922 seconds 
  Import took 0.013731 seconds .

========================================================================
Received Import Request.
  Time since last request: 6.308753 seconds.
  path: Assets/Animations/Right Strafe Walking.anim
  artifactKey: Guid(015fdc377b3ebed408fafe36815f5e10) Importer(815301076,1909f56bfc062723c751e8b465ee728b)
Start importing Assets/Animations/Right Strafe Walking.anim using Guid(015fdc377b3ebed408fafe36815f5e10) Importer(815301076,1909f56bfc062723c751e8b465ee728b)  -> (artifact id: '06b04f3866812e1cecd00cf412a9dfe5') in 0.019867 seconds 
  Import took 0.024231 seconds .

========================================================================
Received Import Request.
  Time since last request: 16.574449 seconds.
  path: Assets/Animations/StrafeWalkRight.anim
  artifactKey: Guid(015fdc377b3ebed408fafe36815f5e10) Importer(815301076,1909f56bfc062723c751e8b465ee728b)
Start importing Assets/Animations/StrafeWalkRight.anim using Guid(015fdc377b3ebed408fafe36815f5e10) Importer(815301076,1909f56bfc062723c751e8b465ee728b)  -> (artifact id: '8a917461759963369ca338075df6bf60') in 0.014287 seconds 
  Import took 0.017155 seconds .

========================================================================
Received Import Request.
  Time since last request: 89.512603 seconds.
  path: Assets/Animations/Ch39_nonPBR@Right Strafe.fbx
  artifactKey: Guid(46515259538943a409a1f81bcd1bc4cf) Importer(815301076,1909f56bfc062723c751e8b465ee728b)
Start importing Assets/Animations/Ch39_nonPBR@Right Strafe.fbx using Guid(46515259538943a409a1f81bcd1bc4cf) Importer(815301076,1909f56bfc062723c751e8b465ee728b)  -> (artifact id: '372155289e96b7f3ae04e6397420f8af') in 0.201025 seconds 
  Import took 0.205429 seconds .

========================================================================
Received Import Request.
  Time since last request: 4.410944 seconds.
  path: Assets/Animations/Ch39_nonPBR@Right Strafe.fbx
  artifactKey: Guid(46515259538943a409a1f81bcd1bc4cf) Importer(815301076,1909f56bfc062723c751e8b465ee728b)
Start importing Assets/Animations/Ch39_nonPBR@Right Strafe.fbx using Guid(46515259538943a409a1f81bcd1bc4cf) Importer(815301076,1909f56bfc062723c751e8b465ee728b)  -> (artifact id: '7f053a1b5aac7e2b9dad72dd1145aaa1') in 0.051409 seconds 
  Import took 0.054789 seconds .

========================================================================
Received Import Request.
  Time since last request: 4.889822 seconds.
  path: Assets/Animations/Right Strafe.anim
  artifactKey: Guid(9194814d6fabf254a92fa59a9673f19d) Importer(815301076,1909f56bfc062723c751e8b465ee728b)
Start importing Assets/Animations/Right Strafe.anim using Guid(9194814d6fabf254a92fa59a9673f19d) Importer(815301076,1909f56bfc062723c751e8b465ee728b)  -> (artifact id: '80ae263a71a73ca7668a05f041d62ee2') in 0.018371 seconds 
  Import took 0.023037 seconds .

========================================================================
Received Import Request.
  Time since last request: 14.681828 seconds.
  path: Assets/Animations/StrafeRunRight.anim
  artifactKey: Guid(9194814d6fabf254a92fa59a9673f19d) Importer(815301076,1909f56bfc062723c751e8b465ee728b)
Start importing Assets/Animations/StrafeRunRight.anim using Guid(9194814d6fabf254a92fa59a9673f19d) Importer(815301076,1909f56bfc062723c751e8b465ee728b)  -> (artifact id: 'f2c8acc917ab23f3f38ccf9110f530f8') in 0.021672 seconds 
  Import took 0.025278 seconds .

========================================================================
Received Import Request.
  Time since last request: 8.097818 seconds.
  path: Assets/Animations/Run/StrafeRunRight.anim
  artifactKey: Guid(9194814d6fabf254a92fa59a9673f19d) Importer(815301076,1909f56bfc062723c751e8b465ee728b)
Start importing Assets/Animations/Run/StrafeRunRight.anim using Guid(9194814d6fabf254a92fa59a9673f19d) Importer(815301076,1909f56bfc062723c751e8b465ee728b)  -> (artifact id: '15882d0febe36aad9d7f1abd7b95f7fa') in 0.013661 seconds 
  Import took 0.018510 seconds .

========================================================================
Received Import Request.
  Time since last request: 55.276360 seconds.
  path: Assets/Animations/Ch39_nonPBR@Left Strafe.fbx
  artifactKey: Guid(26bdac0922dbdfc419be01104330c43d) Importer(815301076,1909f56bfc062723c751e8b465ee728b)
Start importing Assets/Animations/Ch39_nonPBR@Left Strafe.fbx using Guid(26bdac0922dbdfc419be01104330c43d) Importer(815301076,1909f56bfc062723c751e8b465ee728b)  -> (artifact id: 'edd38cd7741131caed95b5a8f76a8f5c') in 0.046221 seconds 
  Import took 0.050823 seconds .

========================================================================
Received Import Request.
  Time since last request: 4.165928 seconds.
  path: Assets/Animations/Ch39_nonPBR@Left Strafe.fbx
  artifactKey: Guid(26bdac0922dbdfc419be01104330c43d) Importer(815301076,1909f56bfc062723c751e8b465ee728b)
Start importing Assets/Animations/Ch39_nonPBR@Left Strafe.fbx using Guid(26bdac0922dbdfc419be01104330c43d) Importer(815301076,1909f56bfc062723c751e8b465ee728b)  -> (artifact id: '70b07f8e5b1bee10f8666013550f8a98') in 0.053320 seconds 
  Import took 0.057836 seconds .

========================================================================
Received Import Request.
  Time since last request: 4.389128 seconds.
  path: Assets/Animations/Left Strafe.anim
  artifactKey: Guid(667757c9559903240ba566857efe9b45) Importer(815301076,1909f56bfc062723c751e8b465ee728b)
Start importing Assets/Animations/Left Strafe.anim using Guid(667757c9559903240ba566857efe9b45) Importer(815301076,1909f56bfc062723c751e8b465ee728b)  -> (artifact id: '8e520a8dfc38956df821d2a9b4636d40') in 0.021213 seconds 
  Import took 0.026571 seconds .

========================================================================
Received Import Request.
  Time since last request: 20.571074 seconds.
  path: Assets/Animations/StrafeRunRight.anim
  artifactKey: Guid(667757c9559903240ba566857efe9b45) Importer(815301076,1909f56bfc062723c751e8b465ee728b)
Start importing Assets/Animations/StrafeRunRight.anim using Guid(667757c9559903240ba566857efe9b45) Importer(815301076,1909f56bfc062723c751e8b465ee728b)  -> (artifact id: '691c0a230e2b6a06240d86c78f9d87c9') in 0.011713 seconds 
  Import took 0.016229 seconds .

========================================================================
Received Import Request.
  Time since last request: 14.546258 seconds.
  path: Assets/Animations/StrafeRunLeft.anim
  artifactKey: Guid(667757c9559903240ba566857efe9b45) Importer(815301076,1909f56bfc062723c751e8b465ee728b)
Start importing Assets/Animations/StrafeRunLeft.anim using Guid(667757c9559903240ba566857efe9b45) Importer(815301076,1909f56bfc062723c751e8b465ee728b)  -> (artifact id: 'e45817270149700cf5d69fda49c13eda') in 0.018267 seconds 
  Import took 0.021299 seconds .

========================================================================
Received Prepare
Registering precompiled user dll's ...
Registered in 0.004969 seconds.
Begin MonoManager ReloadAssembly
Native extension for WindowsStandalone target not found
Refreshing native plugins compatible for Editor in 0.67 ms, found 3 plugins.
Preloading 0 native plugins for Editor in 0.00 ms.
Mono: successfully reloaded assembly
- Completed reload, in  1.295 seconds
Domain Reload Profiling:
	ReloadAssembly (1295ms)
		BeginReloadAssembly (125ms)
			ExecutionOrderSort (0ms)
			DisableScriptedObjects (4ms)
			BackupInstance (0ms)
			ReleaseScriptingObjects (0ms)
			CreateAndSetChildDomain (39ms)
		EndReloadAssembly (1098ms)
			LoadAssemblies (99ms)
			RebuildTransferFunctionScriptingTraits (0ms)
			SetupTypeCache (339ms)
			ReleaseScriptCaches (1ms)
			RebuildScriptCaches (54ms)
			SetupLoadedEditorAssemblies (482ms)
				LogAssemblyErrors (0ms)
				InitializePlatformSupportModulesInManaged (6ms)
				SetLoadedEditorAssemblies (1ms)
				RefreshPlugins (1ms)
				BeforeProcessingInitializeOnLoad (106ms)
				ProcessInitializeOnLoadAttributes (354ms)
				ProcessInitializeOnLoadMethodAttributes (6ms)
				AfterProcessingInitializeOnLoad (7ms)
				EditorAssembliesLoaded (0ms)
			ExecutionOrderSort2 (0ms)
			AwakeInstancesAfterBackupRestoration (7ms)
Platform modules already initialized, skipping
Refreshing native plugins compatible for Editor in 0.44 ms, found 3 plugins.
Preloading 0 native plugins for Editor in 0.00 ms.
Unloading 1755 Unused Serialized files (Serialized files now loaded: 0)
System memory in use before: 97.5 MB.
System memory in use after: 97.6 MB.

Unloading 18 unused Assets to reduce memory usage. Loaded Objects now: 2272.
Total: 2.523800 ms (FindLiveObjects: 0.177700 ms CreateObjectMapping: 0.053600 ms MarkObjects: 2.201700 ms  DeleteObjects: 0.089500 ms)

AssetImportParameters requested are different than current active one (requested -> active):
  custom:framework-win-MediaFoundation: 216162199b28c13a410421893ffa2e32 -> 
  custom:video-decoder-ogg-theora: a1e56fd34408186e4bbccfd4996cb3dc -> 
  custom:container-muxer-webm: aa71ff27fc2769a1b78a27578f13a17b -> 
  custom:container-demuxer-webm: 4f35f7cbe854078d1ac9338744f61a02 -> 
  custom:container-demuxer-ogg: 62fdf1f143b41e24485cea50d1cbac27 -> 
  custom:video-encoder-webm-vp8: eb34c28f22e8b96e1ab97ce403110664 -> 
  custom:video-codec-MediaFoundation-h265: 746d11721c4dcdbdad8f713fa42b33f4 -> 
  custom:video-decoder-webm-vp8: 9c59270c3fd7afecdb556c50c9e8de78 -> 
  custom:audio-decoder-ogg-vorbis: bf7c407c2cedff20999df2af8eb42d56 -> 
  custom:audio-encoder-webm-vorbis: bf7c407c2cedff20999df2af8eb42d56 -> 
========================================================================
Received Prepare
Registering precompiled user dll's ...
Registered in 0.004294 seconds.
Begin MonoManager ReloadAssembly
Native extension for WindowsStandalone target not found
Refreshing native plugins compatible for Editor in 0.88 ms, found 3 plugins.
Preloading 0 native plugins for Editor in 0.00 ms.
Mono: successfully reloaded assembly
- Completed reload, in  1.325 seconds
Domain Reload Profiling:
	ReloadAssembly (1325ms)
		BeginReloadAssembly (135ms)
			ExecutionOrderSort (0ms)
			DisableScriptedObjects (7ms)
			BackupInstance (0ms)
			ReleaseScriptingObjects (0ms)
			CreateAndSetChildDomain (37ms)
		EndReloadAssembly (1111ms)
			LoadAssemblies (103ms)
			RebuildTransferFunctionScriptingTraits (0ms)
			SetupTypeCache (344ms)
			ReleaseScriptCaches (1ms)
			RebuildScriptCaches (54ms)
			SetupLoadedEditorAssemblies (486ms)
				LogAssemblyErrors (0ms)
				InitializePlatformSupportModulesInManaged (5ms)
				SetLoadedEditorAssemblies (1ms)
				RefreshPlugins (1ms)
				BeforeProcessingInitializeOnLoad (107ms)
				ProcessInitializeOnLoadAttributes (360ms)
				ProcessInitializeOnLoadMethodAttributes (5ms)
				AfterProcessingInitializeOnLoad (6ms)
				EditorAssembliesLoaded (0ms)
			ExecutionOrderSort2 (0ms)
			AwakeInstancesAfterBackupRestoration (8ms)
Platform modules already initialized, skipping
Refreshing native plugins compatible for Editor in 0.46 ms, found 3 plugins.
Preloading 0 native plugins for Editor in 0.00 ms.
Unloading 1755 Unused Serialized files (Serialized files now loaded: 0)
System memory in use before: 97.5 MB.
System memory in use after: 97.6 MB.

Unloading 18 unused Assets to reduce memory usage. Loaded Objects now: 2275.
Total: 2.479800 ms (FindLiveObjects: 0.192800 ms CreateObjectMapping: 0.064600 ms MarkObjects: 2.130000 ms  DeleteObjects: 0.091100 ms)

AssetImportParameters requested are different than current active one (requested -> active):
  custom:framework-win-MediaFoundation: 216162199b28c13a410421893ffa2e32 -> 
  custom:video-decoder-ogg-theora: a1e56fd34408186e4bbccfd4996cb3dc -> 
  custom:container-muxer-webm: aa71ff27fc2769a1b78a27578f13a17b -> 
  custom:container-demuxer-webm: 4f35f7cbe854078d1ac9338744f61a02 -> 
  custom:container-demuxer-ogg: 62fdf1f143b41e24485cea50d1cbac27 -> 
  custom:video-encoder-webm-vp8: eb34c28f22e8b96e1ab97ce403110664 -> 
  custom:video-codec-MediaFoundation-h265: 746d11721c4dcdbdad8f713fa42b33f4 -> 
  custom:video-decoder-webm-vp8: 9c59270c3fd7afecdb556c50c9e8de78 -> 
  custom:audio-decoder-ogg-vorbis: bf7c407c2cedff20999df2af8eb42d56 -> 
  custom:audio-encoder-webm-vorbis: bf7c407c2cedff20999df2af8eb42d56 -> 
========================================================================
Received Prepare
Registering precompiled user dll's ...
Registered in 0.004220 seconds.
Begin MonoManager ReloadAssembly
Native extension for WindowsStandalone target not found
Refreshing native plugins compatible for Editor in 0.41 ms, found 3 plugins.
Preloading 0 native plugins for Editor in 0.00 ms.
Mono: successfully reloaded assembly
- Completed reload, in  1.300 seconds
Domain Reload Profiling:
	ReloadAssembly (1300ms)
		BeginReloadAssembly (135ms)
			ExecutionOrderSort (0ms)
			DisableScriptedObjects (6ms)
			BackupInstance (0ms)
			ReleaseScriptingObjects (0ms)
			CreateAndSetChildDomain (46ms)
		EndReloadAssembly (1094ms)
			LoadAssemblies (102ms)
			RebuildTransferFunctionScriptingTraits (0ms)
			SetupTypeCache (353ms)
			ReleaseScriptCaches (1ms)
			RebuildScriptCaches (54ms)
			SetupLoadedEditorAssemblies (465ms)
				LogAssemblyErrors (0ms)
				InitializePlatformSupportModulesInManaged (6ms)
				SetLoadedEditorAssemblies (1ms)
				RefreshPlugins (0ms)
				BeforeProcessingInitializeOnLoad (99ms)
				ProcessInitializeOnLoadAttributes (345ms)
				ProcessInitializeOnLoadMethodAttributes (5ms)
				AfterProcessingInitializeOnLoad (7ms)
				EditorAssembliesLoaded (0ms)
			ExecutionOrderSort2 (0ms)
			AwakeInstancesAfterBackupRestoration (8ms)
Platform modules already initialized, skipping
Refreshing native plugins compatible for Editor in 0.45 ms, found 3 plugins.
Preloading 0 native plugins for Editor in 0.00 ms.
Unloading 1755 Unused Serialized files (Serialized files now loaded: 0)
System memory in use before: 97.6 MB.
System memory in use after: 97.6 MB.

Unloading 18 unused Assets to reduce memory usage. Loaded Objects now: 2278.
Total: 2.749100 ms (FindLiveObjects: 0.180400 ms CreateObjectMapping: 0.051900 ms MarkObjects: 2.447800 ms  DeleteObjects: 0.067800 ms)

AssetImportParameters requested are different than current active one (requested -> active):
  custom:framework-win-MediaFoundation: 216162199b28c13a410421893ffa2e32 -> 
  custom:video-decoder-ogg-theora: a1e56fd34408186e4bbccfd4996cb3dc -> 
  custom:container-muxer-webm: aa71ff27fc2769a1b78a27578f13a17b -> 
  custom:container-demuxer-webm: 4f35f7cbe854078d1ac9338744f61a02 -> 
  custom:container-demuxer-ogg: 62fdf1f143b41e24485cea50d1cbac27 -> 
  custom:video-encoder-webm-vp8: eb34c28f22e8b96e1ab97ce403110664 -> 
  custom:video-codec-MediaFoundation-h265: 746d11721c4dcdbdad8f713fa42b33f4 -> 
  custom:video-decoder-webm-vp8: 9c59270c3fd7afecdb556c50c9e8de78 -> 
  custom:audio-decoder-ogg-vorbis: bf7c407c2cedff20999df2af8eb42d56 -> 
  custom:audio-encoder-webm-vorbis: bf7c407c2cedff20999df2af8eb42d56 -> 
========================================================================
Received Prepare
Registering precompiled user dll's ...
Registered in 0.003211 seconds.
Begin MonoManager ReloadAssembly
Native extension for WindowsStandalone target not found
Refreshing native plugins compatible for Editor in 0.42 ms, found 3 plugins.
Preloading 0 native plugins for Editor in 0.00 ms.
Mono: successfully reloaded assembly
- Completed reload, in  1.288 seconds
Domain Reload Profiling:
	ReloadAssembly (1288ms)
		BeginReloadAssembly (128ms)
			ExecutionOrderSort (0ms)
			DisableScriptedObjects (7ms)
			BackupInstance (0ms)
			ReleaseScriptingObjects (0ms)
			CreateAndSetChildDomain (35ms)
		EndReloadAssembly (1086ms)
			LoadAssemblies (101ms)
			RebuildTransferFunctionScriptingTraits (0ms)
			SetupTypeCache (338ms)
			ReleaseScriptCaches (1ms)
			RebuildScriptCaches (55ms)
			SetupLoadedEditorAssemblies (472ms)
				LogAssemblyErrors (0ms)
				InitializePlatformSupportModulesInManaged (5ms)
				SetLoadedEditorAssemblies (0ms)
				RefreshPlugins (0ms)
				BeforeProcessingInitializeOnLoad (99ms)
				ProcessInitializeOnLoadAttributes (355ms)
				ProcessInitializeOnLoadMethodAttributes (6ms)
				AfterProcessingInitializeOnLoad (6ms)
				EditorAssembliesLoaded (0ms)
			ExecutionOrderSort2 (0ms)
			AwakeInstancesAfterBackupRestoration (7ms)
Platform modules already initialized, skipping
Refreshing native plugins compatible for Editor in 0.52 ms, found 3 plugins.
Preloading 0 native plugins for Editor in 0.00 ms.
Unloading 1755 Unused Serialized files (Serialized files now loaded: 0)
System memory in use before: 97.6 MB.
System memory in use after: 97.7 MB.

Unloading 18 unused Assets to reduce memory usage. Loaded Objects now: 2281.
Total: 2.855900 ms (FindLiveObjects: 0.172400 ms CreateObjectMapping: 0.050000 ms MarkObjects: 2.538100 ms  DeleteObjects: 0.094300 ms)

AssetImportParameters requested are different than current active one (requested -> active):
  custom:framework-win-MediaFoundation: 216162199b28c13a410421893ffa2e32 -> 
  custom:video-decoder-ogg-theora: a1e56fd34408186e4bbccfd4996cb3dc -> 
  custom:container-muxer-webm: aa71ff27fc2769a1b78a27578f13a17b -> 
  custom:container-demuxer-webm: 4f35f7cbe854078d1ac9338744f61a02 -> 
  custom:container-demuxer-ogg: 62fdf1f143b41e24485cea50d1cbac27 -> 
  custom:video-encoder-webm-vp8: eb34c28f22e8b96e1ab97ce403110664 -> 
  custom:video-codec-MediaFoundation-h265: 746d11721c4dcdbdad8f713fa42b33f4 -> 
  custom:video-decoder-webm-vp8: 9c59270c3fd7afecdb556c50c9e8de78 -> 
  custom:audio-decoder-ogg-vorbis: bf7c407c2cedff20999df2af8eb42d56 -> 
  custom:audio-encoder-webm-vorbis: bf7c407c2cedff20999df2af8eb42d56 -> 
========================================================================
Received Import Request.
  Time since last request: 511.228173 seconds.
  path: Assets/Animations/Walk/StrafeWalkLeft1.anim
  artifactKey: Guid(d6aa39443a4ccde4494432685028ae3f) Importer(815301076,1909f56bfc062723c751e8b465ee728b)
Start importing Assets/Animations/Walk/StrafeWalkLeft1.anim using Guid(d6aa39443a4ccde4494432685028ae3f) Importer(815301076,1909f56bfc062723c751e8b465ee728b)  -> (artifact id: '171885d1b5bf8c86fb65835a8ed83b4a') in 0.040565 seconds 
  Import took 0.043868 seconds .

========================================================================
Received Import Request.
  Time since last request: 35.837095 seconds.
  path: Assets/Animations/Walk/Ch39_nonPBR@Left Strafe(1).fbx
  artifactKey: Guid(8da23de90ea6d7a48b11c7beec307e6b) Importer(815301076,1909f56bfc062723c751e8b465ee728b)
Start importing Assets/Animations/Walk/Ch39_nonPBR@Left Strafe(1).fbx using Guid(8da23de90ea6d7a48b11c7beec307e6b) Importer(815301076,1909f56bfc062723c751e8b465ee728b)  -> (artifact id: 'bc547a0452919a8dc9df4a7924321987') in 0.116192 seconds 
  Import took 0.120204 seconds .

========================================================================
Received Import Request.
  Time since last request: 5.858907 seconds.
  path: Assets/Animations/Walk/Ch39_nonPBR@Left Strafe(1).fbx
  artifactKey: Guid(8da23de90ea6d7a48b11c7beec307e6b) Importer(815301076,1909f56bfc062723c751e8b465ee728b)
Start importing Assets/Animations/Walk/Ch39_nonPBR@Left Strafe(1).fbx using Guid(8da23de90ea6d7a48b11c7beec307e6b) Importer(815301076,1909f56bfc062723c751e8b465ee728b)  -> (artifact id: '86819fb98a7e6a3fe8be2458e26ff0cc') in 0.047125 seconds 
  Import took 0.052944 seconds .

========================================================================
Received Import Request.
  Time since last request: 13.308432 seconds.
  path: Assets/Animations/Walk/Left Strafe(1).anim
  artifactKey: Guid(85a4426d73bff3f4da0bf31c5a5b42f8) Importer(815301076,1909f56bfc062723c751e8b465ee728b)
Start importing Assets/Animations/Walk/Left Strafe(1).anim using Guid(85a4426d73bff3f4da0bf31c5a5b42f8) Importer(815301076,1909f56bfc062723c751e8b465ee728b)  -> (artifact id: '69c0da72db0afd761be42eb8191160cf') in 0.018993 seconds 
  Import took 0.024746 seconds .

========================================================================
Received Import Request.
  Time since last request: 17.813142 seconds.
  path: Assets/Animations/Walk/StrafeWalkLeft.anim
  artifactKey: Guid(85a4426d73bff3f4da0bf31c5a5b42f8) Importer(815301076,1909f56bfc062723c751e8b465ee728b)
Start importing Assets/Animations/Walk/StrafeWalkLeft.anim using Guid(85a4426d73bff3f4da0bf31c5a5b42f8) Importer(815301076,1909f56bfc062723c751e8b465ee728b)  -> (artifact id: '9bd9578c68d10000bddaa1a4c05abb3d') in 0.012359 seconds 
  Import took 0.016404 seconds .

========================================================================
Received Prepare
Registering precompiled user dll's ...
Registered in 0.004200 seconds.
Begin MonoManager ReloadAssembly
Native extension for WindowsStandalone target not found
Refreshing native plugins compatible for Editor in 0.39 ms, found 3 plugins.
Preloading 0 native plugins for Editor in 0.00 ms.
Mono: successfully reloaded assembly
- Completed reload, in  1.301 seconds
Domain Reload Profiling:
	ReloadAssembly (1302ms)
		BeginReloadAssembly (126ms)
			ExecutionOrderSort (0ms)
			DisableScriptedObjects (5ms)
			BackupInstance (0ms)
			ReleaseScriptingObjects (0ms)
			CreateAndSetChildDomain (40ms)
		EndReloadAssembly (1100ms)
			LoadAssemblies (102ms)
			RebuildTransferFunctionScriptingTraits (0ms)
			SetupTypeCache (351ms)
			ReleaseScriptCaches (1ms)
			RebuildScriptCaches (56ms)
			SetupLoadedEditorAssemblies (470ms)
				LogAssemblyErrors (0ms)
				InitializePlatformSupportModulesInManaged (5ms)
				SetLoadedEditorAssemblies (0ms)
				RefreshPlugins (0ms)
				BeforeProcessingInitializeOnLoad (103ms)
				ProcessInitializeOnLoadAttributes (351ms)
				ProcessInitializeOnLoadMethodAttributes (5ms)
				AfterProcessingInitializeOnLoad (6ms)
				EditorAssembliesLoaded (0ms)
			ExecutionOrderSort2 (0ms)
			AwakeInstancesAfterBackupRestoration (7ms)
Platform modules already initialized, skipping
Refreshing native plugins compatible for Editor in 0.46 ms, found 3 plugins.
Preloading 0 native plugins for Editor in 0.00 ms.
Unloading 1755 Unused Serialized files (Serialized files now loaded: 0)
System memory in use before: 97.6 MB.
System memory in use after: 97.7 MB.

Unloading 18 unused Assets to reduce memory usage. Loaded Objects now: 2285.
Total: 3.324500 ms (FindLiveObjects: 0.173600 ms CreateObjectMapping: 0.051200 ms MarkObjects: 3.019400 ms  DeleteObjects: 0.078900 ms)

AssetImportParameters requested are different than current active one (requested -> active):
  custom:framework-win-MediaFoundation: 216162199b28c13a410421893ffa2e32 -> 
  custom:video-decoder-ogg-theora: a1e56fd34408186e4bbccfd4996cb3dc -> 
  custom:container-muxer-webm: aa71ff27fc2769a1b78a27578f13a17b -> 
  custom:container-demuxer-webm: 4f35f7cbe854078d1ac9338744f61a02 -> 
  custom:container-demuxer-ogg: 62fdf1f143b41e24485cea50d1cbac27 -> 
  custom:video-encoder-webm-vp8: eb34c28f22e8b96e1ab97ce403110664 -> 
  custom:video-codec-MediaFoundation-h265: 746d11721c4dcdbdad8f713fa42b33f4 -> 
  custom:video-decoder-webm-vp8: 9c59270c3fd7afecdb556c50c9e8de78 -> 
  custom:audio-decoder-ogg-vorbis: bf7c407c2cedff20999df2af8eb42d56 -> 
  custom:audio-encoder-webm-vorbis: bf7c407c2cedff20999df2af8eb42d56 -> 
========================================================================
Received Import Request.
  Time since last request: 91.383723 seconds.
  path: Assets/Scripts/MyCharacterController.cs
  artifactKey: Guid(fc0ad6db92e7a2947bb2d08284e31b0c) Importer(815301076,1909f56bfc062723c751e8b465ee728b)
Start importing Assets/Scripts/MyCharacterController.cs using Guid(fc0ad6db92e7a2947bb2d08284e31b0c) Importer(815301076,1909f56bfc062723c751e8b465ee728b)  -> (artifact id: 'caecefc3bff40db14002d57d1afa9086') in 0.057783 seconds 
  Import took 0.061781 seconds .

========================================================================
Received Prepare
Registering precompiled user dll's ...
Registered in 0.004021 seconds.
Begin MonoManager ReloadAssembly
Native extension for WindowsStandalone target not found
Refreshing native plugins compatible for Editor in 0.43 ms, found 3 plugins.
Preloading 0 native plugins for Editor in 0.00 ms.
Mono: successfully reloaded assembly
- Completed reload, in  1.291 seconds
Domain Reload Profiling:
	ReloadAssembly (1291ms)
		BeginReloadAssembly (121ms)
			ExecutionOrderSort (0ms)
			DisableScriptedObjects (6ms)
			BackupInstance (0ms)
			ReleaseScriptingObjects (0ms)
			CreateAndSetChildDomain (38ms)
		EndReloadAssembly (1097ms)
			LoadAssemblies (103ms)
			RebuildTransferFunctionScriptingTraits (0ms)
			SetupTypeCache (337ms)
			ReleaseScriptCaches (2ms)
			RebuildScriptCaches (55ms)
			SetupLoadedEditorAssemblies (479ms)
				LogAssemblyErrors (0ms)
				InitializePlatformSupportModulesInManaged (6ms)
				SetLoadedEditorAssemblies (1ms)
				RefreshPlugins (1ms)
				BeforeProcessingInitializeOnLoad (103ms)
				ProcessInitializeOnLoadAttributes (358ms)
				ProcessInitializeOnLoadMethodAttributes (4ms)
				AfterProcessingInitializeOnLoad (7ms)
				EditorAssembliesLoaded (0ms)
			ExecutionOrderSort2 (0ms)
			AwakeInstancesAfterBackupRestoration (7ms)
Platform modules already initialized, skipping
Refreshing native plugins compatible for Editor in 0.69 ms, found 3 plugins.
Preloading 0 native plugins for Editor in 0.00 ms.
Unloading 1755 Unused Serialized files (Serialized files now loaded: 0)
System memory in use before: 97.6 MB.
System memory in use after: 97.7 MB.

Unloading 18 unused Assets to reduce memory usage. Loaded Objects now: 2288.
Total: 3.386100 ms (FindLiveObjects: 0.373600 ms CreateObjectMapping: 0.132100 ms MarkObjects: 2.762000 ms  DeleteObjects: 0.116800 ms)

AssetImportParameters requested are different than current active one (requested -> active):
  custom:framework-win-MediaFoundation: 216162199b28c13a410421893ffa2e32 -> 
  custom:video-decoder-ogg-theora: a1e56fd34408186e4bbccfd4996cb3dc -> 
  custom:container-muxer-webm: aa71ff27fc2769a1b78a27578f13a17b -> 
  custom:container-demuxer-webm: 4f35f7cbe854078d1ac9338744f61a02 -> 
  custom:container-demuxer-ogg: 62fdf1f143b41e24485cea50d1cbac27 -> 
  custom:video-encoder-webm-vp8: eb34c28f22e8b96e1ab97ce403110664 -> 
  custom:video-codec-MediaFoundation-h265: 746d11721c4dcdbdad8f713fa42b33f4 -> 
  custom:video-decoder-webm-vp8: 9c59270c3fd7afecdb556c50c9e8de78 -> 
  custom:audio-decoder-ogg-vorbis: bf7c407c2cedff20999df2af8eb42d56 -> 
  custom:audio-encoder-webm-vorbis: bf7c407c2cedff20999df2af8eb42d56 -> 
========================================================================
Received Prepare
Registering precompiled user dll's ...
Registered in 0.002999 seconds.
Begin MonoManager ReloadAssembly
Native extension for WindowsStandalone target not found
Refreshing native plugins compatible for Editor in 0.40 ms, found 3 plugins.
Preloading 0 native plugins for Editor in 0.00 ms.
Mono: successfully reloaded assembly
- Completed reload, in  1.325 seconds
Domain Reload Profiling:
	ReloadAssembly (1325ms)
		BeginReloadAssembly (135ms)
			ExecutionOrderSort (0ms)
			DisableScriptedObjects (6ms)
			BackupInstance (0ms)
			ReleaseScriptingObjects (0ms)
			CreateAndSetChildDomain (39ms)
		EndReloadAssembly (1111ms)
			LoadAssemblies (105ms)
			RebuildTransferFunctionScriptingTraits (0ms)
			SetupTypeCache (362ms)
			ReleaseScriptCaches (1ms)
			RebuildScriptCaches (55ms)
			SetupLoadedEditorAssemblies (472ms)
				LogAssemblyErrors (0ms)
				InitializePlatformSupportModulesInManaged (5ms)
				SetLoadedEditorAssemblies (0ms)
				RefreshPlugins (0ms)
				BeforeProcessingInitializeOnLoad (102ms)
				ProcessInitializeOnLoadAttributes (352ms)
				ProcessInitializeOnLoadMethodAttributes (6ms)
				AfterProcessingInitializeOnLoad (6ms)
				EditorAssembliesLoaded (0ms)
			ExecutionOrderSort2 (0ms)
			AwakeInstancesAfterBackupRestoration (8ms)
Platform modules already initialized, skipping
Refreshing native plugins compatible for Editor in 0.43 ms, found 3 plugins.
Preloading 0 native plugins for Editor in 0.00 ms.
Unloading 1755 Unused Serialized files (Serialized files now loaded: 0)
System memory in use before: 97.6 MB.
System memory in use after: 97.7 MB.

Unloading 18 unused Assets to reduce memory usage. Loaded Objects now: 2291.
Total: 3.118900 ms (FindLiveObjects: 0.266500 ms CreateObjectMapping: 0.079300 ms MarkObjects: 2.704700 ms  DeleteObjects: 0.067200 ms)

AssetImportParameters requested are different than current active one (requested -> active):
  custom:framework-win-MediaFoundation: 216162199b28c13a410421893ffa2e32 -> 
  custom:video-decoder-ogg-theora: a1e56fd34408186e4bbccfd4996cb3dc -> 
  custom:container-muxer-webm: aa71ff27fc2769a1b78a27578f13a17b -> 
  custom:container-demuxer-webm: 4f35f7cbe854078d1ac9338744f61a02 -> 
  custom:container-demuxer-ogg: 62fdf1f143b41e24485cea50d1cbac27 -> 
  custom:video-encoder-webm-vp8: eb34c28f22e8b96e1ab97ce403110664 -> 
  custom:video-codec-MediaFoundation-h265: 746d11721c4dcdbdad8f713fa42b33f4 -> 
  custom:video-decoder-webm-vp8: 9c59270c3fd7afecdb556c50c9e8de78 -> 
  custom:audio-decoder-ogg-vorbis: bf7c407c2cedff20999df2af8eb42d56 -> 
  custom:audio-encoder-webm-vorbis: bf7c407c2cedff20999df2af8eb42d56 -> 
========================================================================
Received Prepare
Registering precompiled user dll's ...
Registered in 0.003550 seconds.
Begin MonoManager ReloadAssembly
Native extension for WindowsStandalone target not found
Refreshing native plugins compatible for Editor in 0.39 ms, found 3 plugins.
Preloading 0 native plugins for Editor in 0.00 ms.
Mono: successfully reloaded assembly
- Completed reload, in  1.311 seconds
Domain Reload Profiling:
	ReloadAssembly (1311ms)
		BeginReloadAssembly (140ms)
			ExecutionOrderSort (0ms)
			DisableScriptedObjects (6ms)
			BackupInstance (0ms)
			ReleaseScriptingObjects (0ms)
			CreateAndSetChildDomain (36ms)
		EndReloadAssembly (1098ms)
			LoadAssemblies (99ms)
			RebuildTransferFunctionScriptingTraits (0ms)
			SetupTypeCache (338ms)
			ReleaseScriptCaches (1ms)
			RebuildScriptCaches (55ms)
			SetupLoadedEditorAssemblies (484ms)
				LogAssemblyErrors (0ms)
				InitializePlatformSupportModulesInManaged (7ms)
				SetLoadedEditorAssemblies (0ms)
				RefreshPlugins (0ms)
				BeforeProcessingInitializeOnLoad (104ms)
				ProcessInitializeOnLoadAttributes (359ms)
				ProcessInitializeOnLoadMethodAttributes (4ms)
				AfterProcessingInitializeOnLoad (10ms)
				EditorAssembliesLoaded (0ms)
			ExecutionOrderSort2 (0ms)
			AwakeInstancesAfterBackupRestoration (7ms)
Platform modules already initialized, skipping
Refreshing native plugins compatible for Editor in 0.44 ms, found 3 plugins.
Preloading 0 native plugins for Editor in 0.00 ms.
Unloading 1755 Unused Serialized files (Serialized files now loaded: 0)
System memory in use before: 97.7 MB.
System memory in use after: 97.7 MB.

Unloading 18 unused Assets to reduce memory usage. Loaded Objects now: 2294.
Total: 2.814400 ms (FindLiveObjects: 0.153900 ms CreateObjectMapping: 0.051000 ms MarkObjects: 2.517400 ms  DeleteObjects: 0.091100 ms)

AssetImportParameters requested are different than current active one (requested -> active):
  custom:framework-win-MediaFoundation: 216162199b28c13a410421893ffa2e32 -> 
  custom:video-decoder-ogg-theora: a1e56fd34408186e4bbccfd4996cb3dc -> 
  custom:container-muxer-webm: aa71ff27fc2769a1b78a27578f13a17b -> 
  custom:container-demuxer-webm: 4f35f7cbe854078d1ac9338744f61a02 -> 
  custom:container-demuxer-ogg: 62fdf1f143b41e24485cea50d1cbac27 -> 
  custom:video-encoder-webm-vp8: eb34c28f22e8b96e1ab97ce403110664 -> 
  custom:video-codec-MediaFoundation-h265: 746d11721c4dcdbdad8f713fa42b33f4 -> 
  custom:video-decoder-webm-vp8: 9c59270c3fd7afecdb556c50c9e8de78 -> 
  custom:audio-decoder-ogg-vorbis: bf7c407c2cedff20999df2af8eb42d56 -> 
  custom:audio-encoder-webm-vorbis: bf7c407c2cedff20999df2af8eb42d56 -> 
========================================================================
Received Import Request.
  Time since last request: 386.483347 seconds.
  path: Assets/Animations/Walk/StrafeWalkLeft.anim
  artifactKey: Guid(85a4426d73bff3f4da0bf31c5a5b42f8) Importer(815301076,1909f56bfc062723c751e8b465ee728b)
Start importing Assets/Animations/Walk/StrafeWalkLeft.anim using Guid(85a4426d73bff3f4da0bf31c5a5b42f8) Importer(815301076,1909f56bfc062723c751e8b465ee728b)  -> (artifact id: 'd9981a1706136f7977c9d4079d3b1ec9') in 0.036765 seconds 
  Import took 0.040816 seconds .

AssetImportWorkerClient::OnTransportError - code=2 error=End of file
